\BOOKMARK [0][-]{chapter.1}{Abstract}{}% 1
\BOOKMARK [0][-]{chapter.2}{Introduction}{}% 2
\BOOKMARK [1][-]{section.2.1}{Cause and urgency of antibiotic resistance}{chapter.2}% 3
\BOOKMARK [1][-]{section.2.2}{Antibiotics and mechanisms of resistance}{chapter.2}% 4
\BOOKMARK [2][-]{subsection.2.2.1}{Development and mechanism of action of \337-lactams}{section.2.2}% 5
\BOOKMARK [2][-]{subsection.2.2.2}{Resistance mechanisms against \337-lactams}{section.2.2}% 6
\BOOKMARK [2][-]{subsection.2.2.3}{General resistance mechanisms}{section.2.2}% 7
\BOOKMARK [1][-]{section.2.3}{An overview of antibiotic resistant pathogens in Switzerland}{chapter.2}% 8
\BOOKMARK [1][-]{section.2.4}{ESBL E. coli}{chapter.2}% 9
\BOOKMARK [1][-]{section.2.5}{Studying differences in the genome between extended cephalosporine susceptible and resistant E. coli}{chapter.2}% 10
\BOOKMARK [2][-]{subsection.2.5.1}{Principles and experiences with the morbidostat}{section.2.5}% 11
\BOOKMARK [0][-]{chapter.3}{Materials and methods}{}% 12
\BOOKMARK [1][-]{section.3.1}{Analyzing ESBL E. coli solates from patients of the University hospital Basel}{chapter.3}% 13
\BOOKMARK [2][-]{subsection.3.1.1}{Phylogenetic analysis}{section.3.1}% 14
\BOOKMARK [2][-]{subsection.3.1.2}{Identification of SNPs}{section.3.1}% 15
\BOOKMARK [1][-]{section.3.2}{Assembling and handling procedure of the morbidostat}{chapter.3}% 16
\BOOKMARK [2][-]{subsection.3.2.1}{Hardware and setup}{section.3.2}% 17
\BOOKMARK [2][-]{subsection.3.2.2}{Controlling of the morbidostat}{section.3.2}% 18
\BOOKMARK [2][-]{subsection.3.2.3}{Experimental procedure}{section.3.2}% 19
\BOOKMARK [1][-]{section.3.3}{Plasmid construction}{chapter.3}% 20
\BOOKMARK [0][-]{chapter.4}{Results}{}% 21
\BOOKMARK [1][-]{section.4.1}{Analyzing longitudinally collected isolates from patients of the University hospital Basel}{chapter.4}% 22
\BOOKMARK [2][-]{subsection.4.1.1}{Sample selection based on a pan genome analysis}{section.4.1}% 23
\BOOKMARK [0][-]{chapter.5}{Discussion}{}% 24
\BOOKMARK [0][-]{chapter.6}{Declaration}{}% 25
\BOOKMARK [0][-]{chapter.7}{References}{}% 26
\BOOKMARK [0][-]{chapter.8}{Acknowledgements}{}% 27
